<?xml version="1.0" encoding="UTF-8"?>
<!-- Generated by org.testng.reporters.JUnitReportReporter -->
<testsuite hostname="LAPTOP-UOPUOK8O" failures="0" tests="1" name="testScript.SubCategory_Search_Test" time="12.295" errors="0" timestamp="2024-09-17T10:37:02 IST" skipped="0">
  <testcase classname="testScript.SubCategory_Search_Test" name="verifyUserCanSearchSubCategory" time="12.295"/>
</testsuite> <!-- testScript.SubCategory_Search_Test -->
