<?xml version="1.0" encoding="UTF-8"?>
<!-- Generated by org.testng.reporters.JUnitReportReporter -->
<testsuite hostname="LAPTOP-UOPUOK8O" failures="0" tests="1" name="testScript.LoginPage_Test" time="13.901" errors="0" timestamp="2024-09-14T08:24:16 IST" skipped="0">
  <testcase classname="testScript.LoginPage_Test" name="verify_User_is_Able_To_Login_Using_Valid_Credentials" time="13.901"/>
</testsuite> <!-- testScript.LoginPage_Test -->
