<?xml version="1.0" encoding="UTF-8"?>
<!-- Generated by org.testng.reporters.JUnitReportReporter -->
<testsuite hostname="LAPTOP-UOPUOK8O" failures="0" tests="1" name="testScript.ManageCategory_SubCategory_Test" time="11.188" errors="0" timestamp="2024-09-17T10:50:14 IST" skipped="0">
  <testcase classname="testScript.ManageCategory_SubCategory_Test" name="verify_UserCan_SelectCategory" time="11.188"/>
</testsuite> <!-- testScript.ManageCategory_SubCategory_Test -->
