<?xml version="1.0" encoding="UTF-8"?>
<!-- Generated by org.testng.reporters.JUnitReportReporter -->
<testsuite hostname="LAPTOP-UOPUOK8O" failures="0" tests="1" name="testScript.Search_AdminUser_Test" time="10.454" errors="0" timestamp="2024-09-14T18:21:52 IST" skipped="0">
  <testcase classname="testScript.Search_AdminUser_Test" name="verify_UserSearch_with_Valid_Credentials" time="10.454"/>
</testsuite> <!-- testScript.Search_AdminUser_Test -->
