<?xml version="1.0" encoding="UTF-8"?>
<!-- Generated by org.testng.reporters.JUnitReportReporter -->
<testsuite hostname="LAPTOP-UOPUOK8O" failures="0" tests="1" name="testScript.CategorySearch_Test" time="8.656" errors="0" timestamp="2024-09-14T18:33:43 IST" skipped="0">
  <testcase classname="testScript.CategorySearch_Test" name="verifyUserCanSearchCategory" time="8.656"/>
</testsuite> <!-- testScript.CategorySearch_Test -->
