<?xml version="1.0" encoding="UTF-8"?>
<!-- Generated by org.testng.reporters.JUnitReportReporter -->
<testsuite hostname="LAPTOP-UOPUOK8O" failures="0" tests="1" name="testScript.LoginPage_Test" time="7.998" errors="0" timestamp="2024-08-25T14:57:58 IST" skipped="0">
  <testcase classname="testScript.LoginPage_Test" name="verify_User_is_Able_To_Login_Using_Valid_Credentials" time="7.998"/>
  <system-out/>
</testsuite> <!-- testScript.LoginPage_Test -->
