<?xml version="1.0" encoding="UTF-8"?>
<!-- Generated by org.testng.reporters.JUnitReportReporter -->
<testsuite hostname="LAPTOP-UOPUOK8O" failures="0" tests="1" name="testScript.AdminUser_Test" time="10.911" errors="0" timestamp="2024-09-14T08:50:12 IST" skipped="0">
  <testcase classname="testScript.AdminUser_Test" name="verify_User_can_ClickAdminUser" time="10.911"/>
</testsuite> <!-- testScript.AdminUser_Test -->
