<?xml version="1.0" encoding="UTF-8"?>
<!-- Generated by org.testng.reporters.JUnitReportReporter -->
<testsuite hostname="LAPTOP-UOPUOK8O" failures="0" tests="1" name="testScript.LoginPage_Test" time="11.989" errors="0" timestamp="2024-08-25T19:08:20 IST" skipped="0">
  <testcase classname="testScript.LoginPage_Test" name="verify_User_is_Able_toLoginUsing_Invalid_UserName_and_Validpassword" time="11.989"/>
  <system-out/>
</testsuite> <!-- testScript.LoginPage_Test -->
